                      :-) GROMACS - gmx distance, 2016 (-:

                            GROMACS is written by:
     Emile Apol      Rossen Apostolov  Herman J.C. Berendsen    Par Bjelkmar   
 Aldert van Buuren   Rudi van Drunen     Anton Feenstra    Gerrit Groenhof  
 Christoph Junghans   Anca Hamuraru    Vincent Hindriksen Dimitrios Karkoulis
    Peter Kasson        Jiri Kraus      Carsten Kutzner      Per Larsson    
  Justin A. Lemkul   Magnus Lundborg   Pieter Meulenhoff    Erik Marklund   
   Teemu Murtola       Szilard Pall       Sander Pronk      Roland Schulz   
  Alexey Shvetsov     Michael Shirts     Alfons Sijbers     Peter Tieleman  
  Teemu Virolainen  Christian Wennberg    Maarten Wolf   
                           and the project leaders:
        Mark Abraham, Berk Hess, Erik Lindahl, and David van der Spoel

Copyright (c) 1991-2000, University of Groningen, The Netherlands.
Copyright (c) 2001-2015, The GROMACS development team at
Uppsala University, Stockholm University and
the Royal Institute of Technology, Sweden.
check out http://www.gromacs.org for more information.

GROMACS is free software; you can redistribute it and/or modify it
under the terms of the GNU Lesser General Public License
as published by the Free Software Foundation; either version 2.1
of the License, or (at your option) any later version.

GROMACS:      gmx distance, version 2016
Executable:   /datos/easybuild/SLES11SP3/broadwell/software/GROMACS/2016-goolf-1.4.10-hybrid/bin/gmx
Data prefix:  /datos/easybuild/SLES11SP3/broadwell/software/GROMACS/2016-goolf-1.4.10-hybrid
Working dir:  /s/ramon/WESTPA_b_4
Command line:
  gmx distance -f bstates/frame0.gro -s bstates/frame0.gro -oall init_dist.xvg -select 'cog of group Protein plus cog of (residue 766 845) plus cog of group Protein plus cog of (residue 806 805)'

Reading frames from gro file 'Generated by trjconv : Protein in water t= 5000.00000', 327866 atoms.
Reading frame       0 time 5000.000   
WARNING: If there are molecules in the input trajectory file
         that are broken across periodic boundaries, they
         cannot be made whole (or treated as whole) without
         you providing a run input file.

Last frame          0 time 5000.000   
Analyzed 1 frames, last time 5000.000

GROMACS reminds you: "I Don't Want to Catch Anybody Not Drinking." (Monty Python)

